<?xml version="1.0" encoding="UTF-8"?>
<!-- Generated by org.testng.reporters.JUnitXMLReporter -->
<testsuite ignored="0" hostname="LAPTOP-DIH0B6T6" failures="0" tests="3" name="LoginTest" time="19.528" errors="0" timestamp="2023-04-20T19:40:40 ICT">
  <testcase classname="com.example.tests.ProductTest" name="verifyTheProductsPageTitle" time="4.042"/>
  <testcase classname="com.example.tests.ProductTest" name="verifyTheButtonAddToCartDisplayOnProductsPage" time="0.108"/>
  <testcase classname="com.example.tests.ProductTest" name="verifyClicktButtonAddToCart" time="8.162"/>
</testsuite> <!-- LoginTest -->
